#-----------------------------------------------------------
# Webtalk v2018.3 (64-bit)
# SW Build 2405991 on Thu Dec  6 23:36:41 MST 2018
# 
# Start of session at: Wed Jun 17 14:44:19 2020
# Process ID: 30238
# Current directory: /work/xilinx/sd_workspace/zynq7015_20200416_sd/webtalk
# Command line: wbtcv -mode batch -source sdk_webtalk.tcl
# Log file: /work/xilinx/sd_workspace/zynq7015_20200416_sd/webtalk/webtalk.log
# Journal file: /work/xilinx/sd_workspace/zynq7015_20200416_sd/webtalk/webtalk.jou
#-----------------------------------------------------------
source sdk_webtalk.tcl
# webtalk_init -webtalk_dir /work/xilinx/sd_workspace/zynq7015_20200416_sd/webtalk
# webtalk_register_client -client project
# webtalk_add_data -client project -key date_generated -value "2020-06-17 14:44:17" -context "software_version_and_target_device"
# webtalk_add_data -client project -key product_version -value "SDK v2018.3" -context "software_version_and_target_device"
# webtalk_add_data -client project -key build_version -value "2018.3" -context "software_version_and_target_device"
# webtalk_add_data -client project -key os_platform -value "amd64" -context "software_version_and_target_device"
# webtalk_add_data -client project -key registration_id -value "" -context "software_version_and_target_device"
# webtalk_add_data -client project -key tool_flow -value "SDK" -context "software_version_and_target_device"
# webtalk_add_data -client project -key beta -value "false" -context "software_version_and_target_device"
# webtalk_add_data -client project -key route_design -value "NA" -context "software_version_and_target_device"
# webtalk_add_data -client project -key target_family -value "NA" -context "software_version_and_target_device"
# webtalk_add_data -client project -key target_device -value "NA" -context "software_version_and_target_device"
# webtalk_add_data -client project -key target_package -value "NA" -context "software_version_and_target_device"
# webtalk_add_data -client project -key target_speed -value "NA" -context "software_version_and_target_device"
# webtalk_add_data -client project -key random_id -value "l6r5ufimlh7bc4eusrqj660pb2" -context "software_version_and_target_device"
# webtalk_add_data -client project -key project_id -value "2018.3_31" -context "software_version_and_target_device"
# webtalk_add_data -client project -key project_iteration -value "31" -context "software_version_and_target_device"
# webtalk_add_data -client project -key os_name -value "Ubuntu" -context "user_environment"
# webtalk_add_data -client project -key os_release -value "Ubuntu 18.04.3 LTS" -context "user_environment"
# webtalk_add_data -client project -key cpu_name -value "Intel(R) Core(TM) i5-5200U CPU @ 2.20GHz" -context "user_environment"
# webtalk_add_data -client project -key cpu_speed -value "2138.260 MHz" -context "user_environment"
# webtalk_add_data -client project -key total_processors -value "1" -context "user_environment"
# webtalk_add_data -client project -key system_ram -value "16.503 GB" -context "user_environment"
# webtalk_register_client -client sdk
# webtalk_add_data -client sdk -key uid -value "1592360638000" -context "sdk\\\\bsp/1592360638000"
# webtalk_add_data -client sdk -key hwid -value "1591925369000" -context "sdk\\\\bsp/1592360638000"
# webtalk_add_data -client sdk -key os -value "standalone" -context "sdk\\\\bsp/1592360638000"
# webtalk_add_data -client sdk -key apptemplate -value "hello_world" -context "sdk\\\\bsp/1592360638000"
# webtalk_add_data -client sdk -key RecordType -value "BSPCreation" -context "sdk\\\\bsp/1592360638000"
# webtalk_add_data -client sdk -key uid -value "1592360640000" -context "sdk\\\\application/1592360640000"
# webtalk_add_data -client sdk -key hwid -value "1591925369000" -context "sdk\\\\application/1592360640000"
# webtalk_add_data -client sdk -key bspid -value "1592360638000" -context "sdk\\\\application/1592360640000"
# webtalk_add_data -client sdk -key newbsp -value "true" -context "sdk\\\\application/1592360640000"
# webtalk_add_data -client sdk -key os -value "standalone" -context "sdk\\\\application/1592360640000"
# webtalk_add_data -client sdk -key apptemplate -value "hello_world" -context "sdk\\\\application/1592360640000"
# webtalk_add_data -client sdk -key RecordType -value "APPCreation" -context "sdk\\\\application/1592360640000"
# webtalk_add_data -client sdk -key LangUsed -value "C" -context "sdk\\\\application/1592360640000"
# webtalk_add_data -client sdk -key Procused -value "ps7_cortexa9" -context "sdk\\\\application/1592360640000"
# webtalk_add_data -client sdk -key projSize -value "341.21875" -context "sdk\\\\application/1592360640000"
# webtalk_add_data -client sdk -key uid -value "NA" -context "sdk\\\\bsp/1592376257906"
# webtalk_add_data -client sdk -key RecordType -value "ToolUsage" -context "sdk\\\\bsp/1592376257906"
# webtalk_add_data -client sdk -key BootgenCount -value "1" -context "sdk\\\\bsp/1592376257906"
# webtalk_add_data -client sdk -key DebugCount -value "4" -context "sdk\\\\bsp/1592376257906"
# webtalk_add_data -client sdk -key PerfCount -value "0" -context "sdk\\\\bsp/1592376257906"
# webtalk_add_data -client sdk -key FlashCount -value "0" -context "sdk\\\\bsp/1592376257906"
# webtalk_add_data -client sdk -key CrossTriggCount -value "0" -context "sdk\\\\bsp/1592376257906"
# webtalk_add_data -client sdk -key QemuDebugCount -value "0" -context "sdk\\\\bsp/1592376257906"
# webtalk_transmit -clientid 3640475412 -regid "" -xml /work/xilinx/sd_workspace/zynq7015_20200416_sd/webtalk/usage_statistics_ext_sdk.xml -html /work/xilinx/sd_workspace/zynq7015_20200416_sd/webtalk/usage_statistics_ext_sdk.html -wdm /work/xilinx/sd_workspace/zynq7015_20200416_sd/webtalk/sdk_webtalk.wdm -intro "<H3>SDK Usage Report</H3><BR>"
# webtalk_terminate
INFO: [Common 17-206] Exiting Webtalk at Wed Jun 17 14:44:20 2020...
