#-----------------------------------------------------------
# Webtalk v2018.3 (64-bit)
# SW Build 2405991 on Thu Dec  6 23:36:41 MST 2018
# 
# Start of session at: Thu Jun 18 10:39:08 2020
# Process ID: 32489
# Current directory: /work/xilinx/sd_workspace/zynq7015_20200416_sd/webtalk
# Command line: wbtcv -mode batch -source sdk_webtalk.tcl
# Log file: /work/xilinx/sd_workspace/zynq7015_20200416_sd/webtalk/webtalk.log
# Journal file: /work/xilinx/sd_workspace/zynq7015_20200416_sd/webtalk/webtalk.jou
#-----------------------------------------------------------
source sdk_webtalk.tcl
# webtalk_init -webtalk_dir /work/xilinx/sd_workspace/zynq7015_20200416_sd/webtalk
# webtalk_register_client -client project
# webtalk_add_data -client project -key date_generated -value "2020-06-18 10:39:06" -context "software_version_and_target_device"
# webtalk_add_data -client project -key product_version -value "SDK v2018.3" -context "software_version_and_target_device"
# webtalk_add_data -client project -key build_version -value "2018.3" -context "software_version_and_target_device"
# webtalk_add_data -client project -key os_platform -value "amd64" -context "software_version_and_target_device"
# webtalk_add_data -client project -key registration_id -value "" -context "software_version_and_target_device"
# webtalk_add_data -client project -key tool_flow -value "SDK" -context "software_version_and_target_device"
# webtalk_add_data -client project -key beta -value "false" -context "software_version_and_target_device"
# webtalk_add_data -client project -key route_design -value "NA" -context "software_version_and_target_device"
# webtalk_add_data -client project -key target_family -value "NA" -context "software_version_and_target_device"
# webtalk_add_data -client project -key target_device -value "NA" -context "software_version_and_target_device"
# webtalk_add_data -client project -key target_package -value "NA" -context "software_version_and_target_device"
# webtalk_add_data -client project -key target_speed -value "NA" -context "software_version_and_target_device"
# webtalk_add_data -client project -key random_id -value "lp1jd2g5a28bepn1bfshufovtj" -context "software_version_and_target_device"
# webtalk_add_data -client project -key project_id -value "2018.3_32" -context "software_version_and_target_device"
# webtalk_add_data -client project -key project_iteration -value "32" -context "software_version_and_target_device"
# webtalk_add_data -client project -key os_name -value "Ubuntu" -context "user_environment"
# webtalk_add_data -client project -key os_release -value "Ubuntu 18.04.3 LTS" -context "user_environment"
# webtalk_add_data -client project -key cpu_name -value "Intel(R) Core(TM) i5-5200U CPU @ 2.20GHz" -context "user_environment"
# webtalk_add_data -client project -key cpu_speed -value "1964.587 MHz" -context "user_environment"
# webtalk_add_data -client project -key total_processors -value "1" -context "user_environment"
# webtalk_add_data -client project -key system_ram -value "16.503 GB" -context "user_environment"
# webtalk_register_client -client sdk
# webtalk_add_data -client sdk -key uid -value "1592395941000" -context "sdk\\\\bsp/1592395941000"
# webtalk_add_data -client sdk -key hwid -value "1591925369000" -context "sdk\\\\bsp/1592395941000"
# webtalk_add_data -client sdk -key os -value "device_tree" -context "sdk\\\\bsp/1592395941000"
# webtalk_add_data -client sdk -key apptemplate -value "null" -context "sdk\\\\bsp/1592395941000"
# webtalk_add_data -client sdk -key RecordType -value "BSPCreation" -context "sdk\\\\bsp/1592395941000"
# webtalk_add_data -client sdk -key uid -value "1592395978000" -context "sdk\\\\bsp/1592395978000"
# webtalk_add_data -client sdk -key hwid -value "1591925369000" -context "sdk\\\\bsp/1592395978000"
# webtalk_add_data -client sdk -key os -value "standalone" -context "sdk\\\\bsp/1592395978000"
# webtalk_add_data -client sdk -key apptemplate -value "zynq_fsbl" -context "sdk\\\\bsp/1592395978000"
# webtalk_add_data -client sdk -key RecordType -value "BSPCreation" -context "sdk\\\\bsp/1592395978000"
# webtalk_add_data -client sdk -key uid -value "1592395988000" -context "sdk\\\\application/1592395988000"
# webtalk_add_data -client sdk -key hwid -value "1591925369000" -context "sdk\\\\application/1592395988000"
# webtalk_add_data -client sdk -key bspid -value "1592395978000" -context "sdk\\\\application/1592395988000"
# webtalk_add_data -client sdk -key newbsp -value "true" -context "sdk\\\\application/1592395988000"
# webtalk_add_data -client sdk -key os -value "standalone" -context "sdk\\\\application/1592395988000"
# webtalk_add_data -client sdk -key apptemplate -value "zynq_fsbl" -context "sdk\\\\application/1592395988000"
# webtalk_add_data -client sdk -key RecordType -value "APPCreation" -context "sdk\\\\application/1592395988000"
# webtalk_add_data -client sdk -key LangUsed -value "C" -context "sdk\\\\application/1592395988000"
# webtalk_add_data -client sdk -key Procused -value "ps7_cortexa9" -context "sdk\\\\application/1592395988000"
# webtalk_add_data -client sdk -key projSize -value "605.23828125" -context "sdk\\\\application/1592395988000"
# webtalk_add_data -client sdk -key uid -value "NA" -context "sdk\\\\bsp/1592447946597"
# webtalk_add_data -client sdk -key RecordType -value "ToolUsage" -context "sdk\\\\bsp/1592447946597"
# webtalk_add_data -client sdk -key BootgenCount -value "2" -context "sdk\\\\bsp/1592447946597"
# webtalk_add_data -client sdk -key DebugCount -value "11" -context "sdk\\\\bsp/1592447946597"
# webtalk_add_data -client sdk -key PerfCount -value "0" -context "sdk\\\\bsp/1592447946597"
# webtalk_add_data -client sdk -key FlashCount -value "0" -context "sdk\\\\bsp/1592447946597"
# webtalk_add_data -client sdk -key CrossTriggCount -value "0" -context "sdk\\\\bsp/1592447946597"
# webtalk_add_data -client sdk -key QemuDebugCount -value "0" -context "sdk\\\\bsp/1592447946597"
# webtalk_transmit -clientid 2221111904 -regid "" -xml /work/xilinx/sd_workspace/zynq7015_20200416_sd/webtalk/usage_statistics_ext_sdk.xml -html /work/xilinx/sd_workspace/zynq7015_20200416_sd/webtalk/usage_statistics_ext_sdk.html -wdm /work/xilinx/sd_workspace/zynq7015_20200416_sd/webtalk/sdk_webtalk.wdm -intro "<H3>SDK Usage Report</H3><BR>"
# webtalk_terminate
INFO: [Common 17-206] Exiting Webtalk at Thu Jun 18 10:39:08 2020...
