#-----------------------------------------------------------
# Webtalk v2018.3 (64-bit)
# SW Build 2405991 on Thu Dec  6 23:38:27 MST 2018
# 
# Start of session at: Fri Sep  4 09:54:30 2020
# Process ID: 24644
# Current directory: E:/xilinx/Zynq/webtalk
# Command line: wbtcv.exe -mode batch -source sdk_webtalk.tcl
# Log file: E:/xilinx/Zynq/webtalk/webtalk.log
# Journal file: E:/xilinx/Zynq/webtalk\webtalk.jou
#-----------------------------------------------------------
source sdk_webtalk.tcl
# webtalk_init -webtalk_dir E:\\xilinx\\Zynq\\webtalk
# webtalk_register_client -client project
# webtalk_add_data -client project -key date_generated -value "2020-09-04 09:54:23" -context "software_version_and_target_device"
# webtalk_add_data -client project -key product_version -value "SDK v2018.3" -context "software_version_and_target_device"
# webtalk_add_data -client project -key build_version -value "2018.3" -context "software_version_and_target_device"
# webtalk_add_data -client project -key os_platform -value "amd64" -context "software_version_and_target_device"
# webtalk_add_data -client project -key registration_id -value "" -context "software_version_and_target_device"
# webtalk_add_data -client project -key tool_flow -value "SDK" -context "software_version_and_target_device"
# webtalk_add_data -client project -key beta -value "false" -context "software_version_and_target_device"
# webtalk_add_data -client project -key route_design -value "NA" -context "software_version_and_target_device"
# webtalk_add_data -client project -key target_family -value "NA" -context "software_version_and_target_device"
# webtalk_add_data -client project -key target_device -value "NA" -context "software_version_and_target_device"
# webtalk_add_data -client project -key target_package -value "NA" -context "software_version_and_target_device"
# webtalk_add_data -client project -key target_speed -value "NA" -context "software_version_and_target_device"
# webtalk_add_data -client project -key random_id -value "31tv00fi5i53vd786qcq4lpqg5" -context "software_version_and_target_device"
# webtalk_add_data -client project -key project_id -value "2018.3_4" -context "software_version_and_target_device"
# webtalk_add_data -client project -key project_iteration -value "4" -context "software_version_and_target_device"
# webtalk_add_data -client project -key os_name -value "Microsoft Windows 8 or later , 64-bit" -context "user_environment"
# webtalk_add_data -client project -key os_release -value "major release  (build 9200)" -context "user_environment"
# webtalk_add_data -client project -key cpu_name -value "Intel(R) Core(TM) i5-8250U CPU @ 1.60GHz" -context "user_environment"
# webtalk_add_data -client project -key cpu_speed -value "1800 MHz" -context "user_environment"
# webtalk_add_data -client project -key total_processors -value "1" -context "user_environment"
# webtalk_add_data -client project -key system_ram -value "8.438 GB" -context "user_environment"
# webtalk_register_client -client sdk
# webtalk_add_data -client sdk -key uid -value "1599184245882" -context "sdk\\\\application/1599184245882"
# webtalk_add_data -client sdk -key hwid -value "1591925369000" -context "sdk\\\\application/1599184245882"
# webtalk_add_data -client sdk -key bspid -value "1591929535000" -context "sdk\\\\application/1599184245882"
# webtalk_add_data -client sdk -key newbsp -value "false" -context "sdk\\\\application/1599184245882"
# webtalk_add_data -client sdk -key os -value "standalone" -context "sdk\\\\application/1599184245882"
# webtalk_add_data -client sdk -key apptemplate -value "hello_world" -context "sdk\\\\application/1599184245882"
# webtalk_add_data -client sdk -key RecordType -value "APPCreation" -context "sdk\\\\application/1599184245882"
# webtalk_add_data -client sdk -key LangUsed -value "C" -context "sdk\\\\application/1599184245882"
# webtalk_add_data -client sdk -key Procused -value "ps7_cortexa9" -context "sdk\\\\application/1599184245882"
# webtalk_add_data -client sdk -key projSize -value "191.8125" -context "sdk\\\\application/1599184245882"
# webtalk_add_data -client sdk -key uid -value "1599184335372" -context "sdk\\\\application/1599184335372"
# webtalk_add_data -client sdk -key hwid -value "1591925369000" -context "sdk\\\\application/1599184335372"
# webtalk_add_data -client sdk -key bspid -value "1591929535000" -context "sdk\\\\application/1599184335372"
# webtalk_add_data -client sdk -key newbsp -value "false" -context "sdk\\\\application/1599184335372"
# webtalk_add_data -client sdk -key os -value "standalone" -context "sdk\\\\application/1599184335372"
# webtalk_add_data -client sdk -key apptemplate -value "empty_application" -context "sdk\\\\application/1599184335372"
# webtalk_add_data -client sdk -key RecordType -value "APPCreation" -context "sdk\\\\application/1599184335372"
# webtalk_add_data -client sdk -key LangUsed -value "CPP" -context "sdk\\\\application/1599184335372"
# webtalk_add_data -client sdk -key Procused -value "ps7_cortexa9" -context "sdk\\\\application/1599184335372"
# webtalk_add_data -client sdk -key projSize -value "124.1796875" -context "sdk\\\\application/1599184335372"
# webtalk_add_data -client sdk -key uid -value "NA" -context "sdk\\\\bsp/1599184462048"
# webtalk_add_data -client sdk -key RecordType -value "ToolUsage" -context "sdk\\\\bsp/1599184462048"
# webtalk_add_data -client sdk -key BootgenCount -value "0" -context "sdk\\\\bsp/1599184462048"
# webtalk_add_data -client sdk -key DebugCount -value "0" -context "sdk\\\\bsp/1599184462048"
# webtalk_add_data -client sdk -key PerfCount -value "0" -context "sdk\\\\bsp/1599184462048"
# webtalk_add_data -client sdk -key FlashCount -value "0" -context "sdk\\\\bsp/1599184462048"
# webtalk_add_data -client sdk -key CrossTriggCount -value "0" -context "sdk\\\\bsp/1599184462048"
# webtalk_add_data -client sdk -key QemuDebugCount -value "0" -context "sdk\\\\bsp/1599184462048"
# webtalk_transmit -clientid 2168379429 -regid "" -xml E:\\xilinx\\Zynq\\webtalk\\usage_statistics_ext_sdk.xml -html E:\\xilinx\\Zynq\\webtalk\\usage_statistics_ext_sdk.html -wdm E:\\xilinx\\Zynq\\webtalk\\sdk_webtalk.wdm -intro "<H3>SDK Usage Report</H3><BR>"
# webtalk_terminate
INFO: [Common 17-206] Exiting Webtalk at Fri Sep  4 09:54:31 2020...
