12:42:36 **** Auto Build of configuration Debug for project 222 ****
make pre-build main-build 
a9-linaro-pre-build-step
 
Building file: ../src/Export_if/plt_if_build.c
Invoking: ARM v7 g++ compiler
arm-none-eabi-g++ -D_DEBUG -D_PROT_UNIT_ -Wall -O0 -g3 -I"E:\xilinx\Zynq\libpub\src\h_public" -I"E:\xilinx\Zynq\libdrv\src\h_drv" -I"E:\xilinx\Zynq\libbm\src\h_bm" -I"E:\xilinx\Zynq\zynqBM_bsp\ps7_cortexa9_1\include" -I"" -c -fmessage-length=0 -MT"src/Export_if/plt_if_build.o" -mcpu=cortex-a9 -mfpu=vfpv3 -mfloat-abi=hard -MMD -MP -MF"src/Export_if/plt_if_build.d" -MT"src/Export_if/plt_if_build.o" -o "src/Export_if/plt_if_build.o" "../src/Export_if/plt_if_build.c"
In file included from E:\xilinx\Zynq\libdrv\src\h_drv/libdrv.h:12:0,
                 from E:\xilinx\Zynq\libbm\src\h_bm/plt_include.h:20,
                 from E:\xilinx\Zynq\libpub\src\h_public/Export_Inc.h:15,
                 from ../src/Export_if/plt_if_build.c:13:
E:\xilinx\Zynq\zynqBM_bsp\ps7_cortexa9_1\include/xtime_l.h:87:70: note: #pragma message: For the sleep routines, Global timer is being used
 #pragma message ("For the sleep routines, Global timer is being used")
                                                                      ^
c:/xilinx/sdk/2018.3/gnu/aarch32/nt/gcc-arm-none-eabi/bin/../arm-none-eabi/libc/usr/lib/crt0.o: In function `_start':
/proj/esdt_sdk/gnu_abe/ABE/builds/lin/arm/arm-linux/snapshots/newlib-newlib-2_4_0/libgloss/arm/crt0.S:425: undefined reference to `main'
c:/xilinx/sdk/2018.3/gnu/aarch32/nt/gcc-arm-none-eabi/bin/../arm-none-eabi/libc/usr/lib/v7-a/fpv3/hard\libg.a(lib_a-exit.o): In function `exit':
exit.c:(.text+0x30): undefined reference to `_exit'
collect2.exe: error: ld returned 1 exit status
make: *** [src/Export_if/subdir.mk:20: src/Export_if/plt_if_build.o] Error 1

12:42:36 Build Finished (took 581ms)

